<?xml version="1.0" encoding="UTF-8"?>
<robot generator="Robot 7.4.2 (Python 3.12.3 on linux)" generated="2026-03-10T14:04:39.848537" rpa="false" schemaversion="5">
<suite id="s1" name="WebdriverIO" source="/home/rizkycatra/Automation/WebdriverIO">
<suite id="s1-s1" name="Tests" source="/home/rizkycatra/Automation/WebdriverIO/tests">
<suite id="s1-s1-s1" name="Form Suite" source="/home/rizkycatra/Automation/WebdriverIO/tests/form_suite.robot">
<kw name="Setup Appium Session" owner="common_keywords" type="SETUP">
<kw name="Open Application" owner="AppiumLibrary">
<arg>${REMOTE_URL}</arg>
<arg>automationName=${AUTOMATION_NAME}</arg>
<arg>platformName=${PLATFORM_NAME}</arg>
<arg>deviceName=${DEVICE_NAME}</arg>
<arg>appPackage=${APP_PACKAGE}</arg>
<arg>appActivity=${APP_ACTIVITY}</arg>
<arg>noReset=false</arg>
<doc>Opens a new application to the given Appium server.
Capabilities of appium server, Android and iOS,
Please check https://appium.io/docs/en/2.19/guides/caps/
| *Option*            | *Man.* | *Description*     |
| remote_url          | Yes    | Appium server url |
| alias               | No     | alias             |</doc>
<status status="PASS" start="2026-03-10T14:04:39.990775" elapsed="2.087228"/>
</kw>
<status status="PASS" start="2026-03-10T14:04:39.990203" elapsed="2.088022"/>
</kw>
<test id="s1-s1-s1-t1" name="Verify Switch Toggle Function Reflects In Output Text" line="13">
<kw name="Setup Form Test Environtment" owner="form_keywords" type="SETUP">
<kw name="Open WebdriverIO Demo Application" owner="common_keywords">
<kw name="Activate Application" owner="AppiumLibrary">
<arg>${APP_PACKAGE}</arg>
<doc>Activates the application if it is not running or is running in the background.</doc>
<status status="PASS" start="2026-03-10T14:04:42.084983" elapsed="0.066951"/>
</kw>
<status status="PASS" start="2026-03-10T14:04:42.084543" elapsed="0.067709"/>
</kw>
<kw name="User Open Menu" owner="common_keywords">
<kw name="Click Element" owner="AppiumLibrary">
<msg time="2026-03-10T14:04:42.154562" level="INFO">Clicking element 'accessibility_id=Forms'.</msg>
<arg>accessibility_id=${menu}</arg>
<doc>Clicks the element identified by ``locator``.</doc>
<status status="PASS" start="2026-03-10T14:04:42.153132" elapsed="1.077470"/>
</kw>
<arg>Forms</arg>
<status status="PASS" start="2026-03-10T14:04:42.152580" elapsed="1.078221"/>
</kw>
<status status="PASS" start="2026-03-10T14:04:42.083968" elapsed="1.146933"/>
</kw>
<kw name="User Switch The Toggle Button To State" owner="form_keywords">
<kw name="Get Element Attribute" owner="AppiumLibrary">
<msg time="2026-03-10T14:04:43.879877" level="INFO">Element 'accessibility_id=switch' attribute 'checked' value 'false' </msg>
<msg time="2026-03-10T14:04:43.880177" level="INFO">${switch_status} = false</msg>
<var>${switch_status}</var>
<arg>accessibility_id=switch</arg>
<arg>checked</arg>
<doc>Returns the element attribute using the given ``attribute``, e.g. name, value, etc.</doc>
<status status="PASS" start="2026-03-10T14:04:43.231622" elapsed="0.648637"/>
</kw>
<if>
<branch type="IF" condition="'${switch_status}'!='${switch_state}'">
<kw name="Click Element" owner="AppiumLibrary">
<msg time="2026-03-10T14:04:43.882151" level="INFO">Clicking element 'accessibility_id=switch'.</msg>
<arg>accessibility_id=switch</arg>
<doc>Clicks the element identified by ``locator``.</doc>
<status status="PASS" start="2026-03-10T14:04:43.880996" elapsed="0.083033"/>
</kw>
<status status="PASS" start="2026-03-10T14:04:43.880485" elapsed="0.083728"/>
</branch>
<status status="PASS" start="2026-03-10T14:04:43.880441" elapsed="0.083863"/>
</if>
<kw name="Set Variable If" owner="BuiltIn">
<msg time="2026-03-10T14:04:43.965229" level="INFO">${expected_text} = Click to turn the switch OFF</msg>
<var>${expected_text}</var>
<arg>'${switch_state}'=='true'</arg>
<arg>Click to turn the switch OFF</arg>
<arg>Click to turn the switch ON</arg>
<doc>Sets variable based on the given condition.</doc>
<status status="PASS" start="2026-03-10T14:04:43.964469" elapsed="0.000891"/>
</kw>
<kw name="Element Attribute Should Match" owner="AppiumLibrary">
<msg time="2026-03-10T14:04:44.612011" level="INFO">Element 'accessibility_id=switch' attribute 'checked' is 'true' </msg>
<arg>accessibility_id=switch</arg>
<arg>checked</arg>
<arg>${switch_state}</arg>
<doc>Verifies that an attribute of an element matches the expected criteria.</doc>
<status status="PASS" start="2026-03-10T14:04:43.965537" elapsed="0.646690"/>
</kw>
<kw name="Element Text Should Be" owner="AppiumLibrary">
<msg time="2026-03-10T14:04:44.613816" level="INFO">Verifying element 'accessibility_id=switch-text' contains exactly text 'Click to turn the switch OFF'.</msg>
<arg>accessibility_id=switch-text</arg>
<arg>${expected_text}</arg>
<doc>Verifies that the element identified by ``locator`` contains the exact text ``expected``.</doc>
<status status="PASS" start="2026-03-10T14:04:44.612471" elapsed="0.051683"/>
</kw>
<arg>true</arg>
<status status="PASS" start="2026-03-10T14:04:43.231270" elapsed="1.433068"/>
</kw>
<kw name="User Switch The Toggle Button To State" owner="form_keywords">
<kw name="Get Element Attribute" owner="AppiumLibrary">
<msg time="2026-03-10T14:04:44.724962" level="INFO">Element 'accessibility_id=switch' attribute 'checked' value 'true' </msg>
<msg time="2026-03-10T14:04:44.725250" level="INFO">${switch_status} = true</msg>
<var>${switch_status}</var>
<arg>accessibility_id=switch</arg>
<arg>checked</arg>
<doc>Returns the element attribute using the given ``attribute``, e.g. name, value, etc.</doc>
<status status="PASS" start="2026-03-10T14:04:44.665021" elapsed="0.060313"/>
</kw>
<if>
<branch type="IF" condition="'${switch_status}'!='${switch_state}'">
<kw name="Click Element" owner="AppiumLibrary">
<msg time="2026-03-10T14:04:44.726954" level="INFO">Clicking element 'accessibility_id=switch'.</msg>
<arg>accessibility_id=switch</arg>
<doc>Clicks the element identified by ``locator``.</doc>
<status status="PASS" start="2026-03-10T14:04:44.725969" elapsed="0.088370"/>
</kw>
<status status="PASS" start="2026-03-10T14:04:44.725548" elapsed="0.088945"/>
</branch>
<status status="PASS" start="2026-03-10T14:04:44.725510" elapsed="0.089044"/>
</if>
<kw name="Set Variable If" owner="BuiltIn">
<msg time="2026-03-10T14:04:44.815200" level="INFO">${expected_text} = Click to turn the switch ON</msg>
<var>${expected_text}</var>
<arg>'${switch_state}'=='true'</arg>
<arg>Click to turn the switch OFF</arg>
<arg>Click to turn the switch ON</arg>
<doc>Sets variable based on the given condition.</doc>
<status status="PASS" start="2026-03-10T14:04:44.814677" elapsed="0.000630"/>
</kw>
<kw name="Element Attribute Should Match" owner="AppiumLibrary">
<msg time="2026-03-10T14:04:45.497448" level="INFO">Element 'accessibility_id=switch' attribute 'checked' is 'false' </msg>
<arg>accessibility_id=switch</arg>
<arg>checked</arg>
<arg>${switch_state}</arg>
<doc>Verifies that an attribute of an element matches the expected criteria.</doc>
<status status="PASS" start="2026-03-10T14:04:44.815446" elapsed="0.682183"/>
</kw>
<kw name="Element Text Should Be" owner="AppiumLibrary">
<msg time="2026-03-10T14:04:45.498852" level="INFO">Verifying element 'accessibility_id=switch-text' contains exactly text 'Click to turn the switch ON'.</msg>
<arg>accessibility_id=switch-text</arg>
<arg>${expected_text}</arg>
<doc>Verifies that the element identified by ``locator`` contains the exact text ``expected``.</doc>
<status status="PASS" start="2026-03-10T14:04:45.497837" elapsed="0.051433"/>
</kw>
<arg>false</arg>
<status status="PASS" start="2026-03-10T14:04:44.664642" elapsed="0.884814"/>
</kw>
<kw name="User Terminate Application" owner="common_keywords" type="TEARDOWN">
<kw name="Terminate Application" owner="AppiumLibrary">
<arg>${APP_PACKAGE}</arg>
<doc>Terminates the given app on the device.</doc>
<status status="PASS" start="2026-03-10T14:04:45.550215" elapsed="0.111819"/>
</kw>
<doc>Kills the app process to reset state for the next test.</doc>
<status status="PASS" start="2026-03-10T14:04:45.549784" elapsed="0.112468"/>
</kw>
<status status="PASS" start="2026-03-10T14:04:42.078372" elapsed="3.584060"/>
</test>
<kw name="Close Application" owner="AppiumLibrary" type="TEARDOWN">
<doc>Closes the current application and the webdriver session.</doc>
<status status="PASS" start="2026-03-10T14:04:45.668611" elapsed="0.245026"/>
</kw>
<status status="PASS" start="2026-03-10T14:04:39.894232" elapsed="6.019628"/>
</suite>
<status status="PASS" start="2026-03-10T14:04:39.891248" elapsed="6.026251"/>
</suite>
<status status="PASS" start="2026-03-10T14:04:39.860354" elapsed="6.059935"/>
</suite>
<statistics>
<total>
<stat pass="1" fail="0" skip="0">All Tests</stat>
</total>
<tag>
</tag>
<suite>
<stat name="WebdriverIO" id="s1" pass="1" fail="0" skip="0">WebdriverIO</stat>
<stat name="Tests" id="s1-s1" pass="1" fail="0" skip="0">WebdriverIO.Tests</stat>
<stat name="Form Suite" id="s1-s1-s1" pass="1" fail="0" skip="0">WebdriverIO.Tests.Form Suite</stat>
</suite>
</statistics>
<errors>
</errors>
</robot>
